Base path: C:/Program Files/Unity/Editor/Data
Pipe name: \\.\pipe\UnityShaderCompiler-64bit-1-9416
Cmd: getPlatforms
Cmd: compileSnippet
  api=1 type=0 insize=1333 outsize=495 kw= pd= ok=1
Cmd: compileSnippet
  api=1 type=1 insize=1333 outsize=240 kw= pd= ok=1
Cmd: compileSnippet
  api=1 type=0 insize=1329 outsize=495 kw= pd= ok=1
Cmd: compileSnippet
  api=1 type=1 insize=1329 outsize=240 kw= pd= ok=1
Cmd: compileSnippet
  api=1 type=0 insize=1329 outsize=495 kw= pd= ok=1
Cmd: compileSnippet
  api=1 type=1 insize=1329 outsize=240 kw= pd= ok=1
Cmd: compileSnippet
  api=1 type=0 insize=1333 outsize=495 kw= pd= ok=1
Cmd: compileSnippet
  api=1 type=1 insize=1333 outsize=240 kw= pd= ok=1
Cmd: compileSnippet
  api=1 type=0 insize=1321 outsize=495 kw= pd= ok=1
Cmd: compileSnippet
  api=1 type=1 insize=1321 outsize=240 kw= pd= ok=1
Cmd: compileSnippet
  api=1 type=0 insize=1331 outsize=495 kw= pd= ok=1
Cmd: compileSnippet
  api=1 type=1 insize=1331 outsize=240 kw= pd= ok=1
